{"/Users/katherineyu/bootcamp/project-catwalk/client/src/components/App.jsx": {"path":"/Users/katherineyu/bootcamp/project-catwalk/client/src/components/App.jsx","statementMap":{"0":{"start":{"line":16,"column":4},"end":{"line":16,"column":17}},"1":{"start":{"line":17,"column":4},"end":{"line":19,"column":6}},"2":{"start":{"line":23,"column":26},"end":{"line":23,"column":36}},"3":{"start":{"line":24,"column":4},"end":{"line":32,"column":6}}},"fnMap":{"0":{"name":"(anonymous_0)","decl":{"start":{"line":15,"column":2},"end":{"line":15,"column":3}},"loc":{"start":{"line":15,"column":21},"end":{"line":20,"column":3}},"line":15},"1":{"name":"(anonymous_1)","decl":{"start":{"line":22,"column":2},"end":{"line":22,"column":3}},"loc":{"start":{"line":22,"column":11},"end":{"line":33,"column":3}},"line":22}},"branchMap":{},"s":{"0":0,"1":0,"2":0,"3":0},"f":{"0":0,"1":0},"b":{},"_coverageSchema":"1a1c01bbd47fc00a2c39e90264f33305004495a9","hash":"54d50202be4cf32ca2335688f02c965ae1f78638"}
,"/Users/katherineyu/bootcamp/project-catwalk/client/src/components/ProductInfo.jsx": {"path":"/Users/katherineyu/bootcamp/project-catwalk/client/src/components/ProductInfo.jsx","statementMap":{},"fnMap":{},"branchMap":{},"s":{},"f":{},"b":{},"_coverageSchema":"1a1c01bbd47fc00a2c39e90264f33305004495a9","hash":"188c5180cbb51b365372e9a2d70912720a04e2f9"}
,"/Users/katherineyu/bootcamp/project-catwalk/client/src/tests/sum.js": {"path":"/Users/katherineyu/bootcamp/project-catwalk/client/src/tests/sum.js","statementMap":{"0":{"start":{"line":2,"column":2},"end":{"line":2,"column":15}},"1":{"start":{"line":4,"column":0},"end":{"line":4,"column":21}}},"fnMap":{"0":{"name":"sum","decl":{"start":{"line":1,"column":9},"end":{"line":1,"column":12}},"loc":{"start":{"line":1,"column":19},"end":{"line":3,"column":1}},"line":1}},"branchMap":{},"s":{"0":1,"1":1},"f":{"0":1},"b":{},"_coverageSchema":"1a1c01bbd47fc00a2c39e90264f33305004495a9","hash":"bd3d6d5fe344220bcdd3f732c3c7a75d64d33041"}
}
